# JRE version: OpenJDK Runtime Environment (8.0_202) (build 1.8.0_202-release-1483-b49-5587405)
# Java VM: OpenJDK 64-Bit Server VM (25.202-b49-5587405 mixed mode bsd-amd64 compressed oops)
Heap:
 PSYoungGen      total 189440K, used 73001K [0x00000007a0000000, 0x00000007b1000000, 0x00000007c0000000)
  eden space 174592K, 41% used [0x00000007a0000000,0x00000007a474a570,0x00000007aaa80000)
  from space 14848K, 0% used [0x00000007aaa80000,0x00000007aaa80000,0x00000007ab900000)
  to   space 14848K, 0% used [0x00000007b0180000,0x00000007b0180000,0x00000007b1000000)
 ParOldGen       total 88064K, used 15439K [0x0000000760000000, 0x0000000765600000, 0x00000007a0000000)
  object space 88064K, 17% used [0x0000000760000000,0x0000000760f13f68,0x0000000765600000)
 Metaspace       used 38154K, capacity 39280K, committed 39424K, reserved 1083392K
  class space    used 5108K, capacity 5338K, committed 5376K, reserved 1048576K
GC Heap History (10 events):
Event: 16.679 GC heap before
{Heap before GC invocations=7 (full 1):
 PSYoungGen      total 71680K, used 66560K [0x00000007a0000000, 0x00000007a9900000, 0x00000007c0000000)
  eden space 66560K, 100% used [0x00000007a0000000,0x00000007a4100000,0x00000007a4100000)
  from space 5120K, 0% used [0x00000007a4100000,0x00000007a4100000,0x00000007a4600000)
  to   space 11776K, 0% used [0x00000007a8d80000,0x00000007a8d80000,0x00000007a9900000)
 ParOldGen       total 62976K, used 11076K [0x0000000760000000, 0x0000000763d80000, 0x00000007a0000000)
  object space 62976K, 17% used [0x0000000760000000,0x0000000760ad11f8,0x0000000763d80000)
 Metaspace       used 29747K, capacity 30290K, committed 30592K, reserved 1075200K
  class space    used 3949K, capacity 4148K, committed 4224K, reserved 1048576K
Event: 16.708 GC heap after
Heap after GC invocations=7 (full 1):
 PSYoungGen      total 118784K, used 9393K [0x00000007a0000000, 0x00000007a9700000, 0x00000007c0000000)
  eden space 109056K, 0% used [0x00000007a0000000,0x00000007a0000000,0x00000007a6a80000)
  from space 9728K, 96% used [0x00000007a8d80000,0x00000007a96ac730,0x00000007a9700000)
  to   space 12800K, 0% used [0x00000007a7e00000,0x00000007a7e00000,0x00000007a8a80000)
 ParOldGen       total 62976K, used 11084K [0x0000000760000000, 0x0000000763d80000, 0x00000007a0000000)
  object space 62976K, 17% used [0x0000000760000000,0x0000000760ad31f8,0x0000000763d80000)
 Metaspace       used 29747K, capacity 30290K, committed 30592K, reserved 1075200K
  class space    used 3949K, capacity 4148K, committed 4224K, reserved 1048576K
}
Event: 20.435 GC heap before
{Heap before GC invocations=8 (full 1):
 PSYoungGen      total 118784K, used 118449K [0x00000007a0000000, 0x00000007a9700000, 0x00000007c0000000)
  eden space 109056K, 100% used [0x00000007a0000000,0x00000007a6a80000,0x00000007a6a80000)
  from space 9728K, 96% used [0x00000007a8d80000,0x00000007a96ac730,0x00000007a9700000)
  to   space 12800K, 0% used [0x00000007a7e00000,0x00000007a7e00000,0x00000007a8a80000)
 ParOldGen       total 62976K, used 11084K [0x0000000760000000, 0x0000000763d80000, 0x00000007a0000000)
  object space 62976K, 17% used [0x0000000760000000,0x0000000760ad31f8,0x0000000763d80000)
 Metaspace       used 33562K, capacity 34184K, committed 34432K, reserved 1079296K
  class space    used 4506K, capacity 4728K, committed 4736K, reserved 1048576K
Event: 20.467 GC heap after
Heap after GC invocations=8 (full 1):
 PSYoungGen      total 141824K, used 10871K [0x00000007a0000000, 0x00000007ac680000, 0x00000007c0000000)
  eden space 129024K, 0% used [0x00000007a0000000,0x00000007a0000000,0x00000007a7e00000)
  from space 12800K, 84% used [0x00000007a7e00000,0x00000007a889dce0,0x00000007a8a80000)
  to   space 13824K, 0% used [0x00000007ab900000,0x00000007ab900000,0x00000007ac680000)
 ParOldGen       total 62976K, used 11092K [0x0000000760000000, 0x0000000763d80000, 0x00000007a0000000)
  object space 62976K, 17% used [0x0000000760000000,0x0000000760ad51f8,0x0000000763d80000)
 Metaspace       used 33562K, capacity 34184K, committed 34432K, reserved 1079296K
  class space    used 4506K, capacity 4728K, committed 4736K, reserved 1048576K
}
Event: 21.849 GC heap before
{Heap before GC invocations=9 (full 1):
 PSYoungGen      total 141824K, used 139895K [0x00000007a0000000, 0x00000007ac680000, 0x00000007c0000000)
  eden space 129024K, 100% used [0x00000007a0000000,0x00000007a7e00000,0x00000007a7e00000)
  from space 12800K, 84% used [0x00000007a7e00000,0x00000007a889dce0,0x00000007a8a80000)
  to   space 13824K, 0% used [0x00000007ab900000,0x00000007ab900000,0x00000007ac680000)
 ParOldGen       total 62976K, used 11092K [0x0000000760000000, 0x0000000763d80000, 0x00000007a0000000)
  object space 62976K, 17% used [0x0000000760000000,0x0000000760ad51f8,0x0000000763d80000)
 Metaspace       used 33563K, capacity 34184K, committed 34432K, reserved 1079296K
  class space    used 4507K, capacity 4728K, committed 4736K, reserved 1048576K
Event: 21.882 GC heap after
Heap after GC invocations=9 (full 1):
 PSYoungGen      total 188416K, used 11686K [0x00000007a0000000, 0x00000007aed80000, 0x00000007c0000000)
  eden space 174592K, 0% used [0x00000007a0000000,0x00000007a0000000,0x00000007aaa80000)
  from space 13824K, 84% used [0x00000007ab900000,0x00000007ac469a20,0x00000007ac680000)
  to   space 14848K, 0% used [0x00000007aaa80000,0x00000007aaa80000,0x00000007ab900000)
 ParOldGen       total 62976K, used 11092K [0x0000000760000000, 0x0000000763d80000, 0x00000007a0000000)
  object space 62976K, 17% used [0x0000000760000000,0x0000000760ad51f8,0x0000000763d80000)
 Metaspace       used 33563K, capacity 34184K, committed 34432K, reserved 1079296K
  class space    used 4507K, capacity 4728K, committed 4736K, reserved 1048576K
}
Event: 22.838 GC heap before
{Heap before GC invocations=10 (full 1):
 PSYoungGen      total 188416K, used 62349K [0x00000007a0000000, 0x00000007aed80000, 0x00000007c0000000)
  eden space 174592K, 29% used [0x00000007a0000000,0x00000007a3179d58,0x00000007aaa80000)
  from space 13824K, 84% used [0x00000007ab900000,0x00000007ac469a20,0x00000007ac680000)
  to   space 14848K, 0% used [0x00000007aaa80000,0x00000007aaa80000,0x00000007ab900000)
 ParOldGen       total 62976K, used 11092K [0x0000000760000000, 0x0000000763d80000, 0x00000007a0000000)
  object space 62976K, 17% used [0x0000000760000000,0x0000000760ad51f8,0x0000000763d80000)
 Metaspace       used 34668K, capacity 35280K, committed 35456K, reserved 1079296K
  class space    used 4668K, capacity 4900K, committed 4992K, reserved 1048576K
Event: 22.870 GC heap after
Heap after GC invocations=10 (full 1):
 PSYoungGen      total 189440K, used 4431K [0x00000007a0000000, 0x00000007b1000000, 0x00000007c0000000)
  eden space 174592K, 0% used [0x00000007a0000000,0x00000007a0000000,0x00000007aaa80000)
  from space 14848K, 29% used [0x00000007aaa80000,0x00000007aaed3de8,0x00000007ab900000)
  to   space 14848K, 0% used [0x00000007b0180000,0x00000007b0180000,0x00000007b1000000)
 ParOldGen       total 62976K, used 15354K [0x0000000760000000, 0x0000000763d80000, 0x00000007a0000000)
  object space 62976K, 24% used [0x0000000760000000,0x0000000760efe890,0x0000000763d80000)
 Metaspace       used 34668K, capacity 35280K, committed 35456K, reserved 1079296K
  class space    used 4668K, capacity 4900K, committed 4992K, reserved 1048576K
}
Event: 22.870 GC heap before
{Heap before GC invocations=11 (full 2):
 PSYoungGen      total 189440K, used 4431K [0x00000007a0000000, 0x00000007b1000000, 0x00000007c0000000)
  eden space 174592K, 0% used [0x00000007a0000000,0x00000007a0000000,0x00000007aaa80000)
  from space 14848K, 29% used [0x00000007aaa80000,0x00000007aaed3de8,0x00000007ab900000)
  to   space 14848K, 0% used [0x00000007b0180000,0x00000007b0180000,0x00000007b1000000)
 ParOldGen       total 62976K, used 15354K [0x0000000760000000, 0x0000000763d80000, 0x00000007a0000000)
  object space 62976K, 24% used [0x0000000760000000,0x0000000760efe890,0x0000000763d80000)
 Metaspace       used 34668K, capacity 35280K, committed 35456K, reserved 1079296K
  class space    used 4668K, capacity 4900K, committed 4992K, reserved 1048576K
Event: 23.071 GC heap after
Heap after GC invocations=11 (full 2):
 PSYoungGen      total 189440K, used 0K [0x00000007a0000000, 0x00000007b1000000, 0x00000007c0000000)
  eden space 174592K, 0% used [0x00000007a0000000,0x00000007a0000000,0x00000007aaa80000)
  from space 14848K, 0% used [0x00000007aaa80000,0x00000007aaa80000,0x00000007ab900000)
  to   space 14848K, 0% used [0x00000007b0180000,0x00000007b0180000,0x00000007b1000000)
 ParOldGen       total 88064K, used 15439K [0x0000000760000000, 0x0000000765600000, 0x00000007a0000000)
  object space 88064K, 17% used [0x0000000760000000,0x0000000760f13f68,0x0000000765600000)
 Metaspace       used 34589K, capacity 35188K, committed 35456K, reserved 1079296K
  class space    used 4644K, capacity 4872K, committed 4992K, reserved 1048576K
}

